androidApp/build/intermediates/manifest_merge_blame_file/debug/manifest-merger-blame-debug-report.txt
1<?xml version="1.0" encoding="utf-8"?>
2<manifest xmlns:android="http://schemas.android.com/apk/res/android"
3    package="ru.rsue.borisov.thecloudmultiplatform.androidApp"
4    android:versionCode="1"
5    android:versionName="1.0" >
6
7    <uses-sdk
8        android:minSdkVersion="24"
8-->src\main\AndroidManifest.xml
9        android:targetSdkVersion="30" />
9-->src\main\AndroidManifest.xml
10
11    <uses-permission android:name="android.permission.INTERNET" />
11-->src\main\AndroidManifest.xml:6:5-67
11-->src\main\AndroidManifest.xml:6:22-64
12
13    <application
13-->src\main\AndroidManifest.xml:8:5-27:19
14        android:allowBackup="false"
14-->src\main\AndroidManifest.xml:9:9-36
15        android:appComponentFactory="androidx.core.app.CoreComponentFactory"
15-->[androidx.core:core:1.3.1] AndroidManifest.xml:24:18-86
16        android:debuggable="true"
17        android:extractNativeLibs="false"
18        android:supportsRtl="true"
18-->src\main\AndroidManifest.xml:10:9-35
19        android:testOnly="true"
20        android:theme="@style/Theme.AppCompat.Light.NoActionBar"
20-->src\main\AndroidManifest.xml:11:9-65
21        android:usesCleartextTraffic="true" >
21-->src\main\AndroidManifest.xml:12:9-44
22        <activity
22-->src\main\AndroidManifest.xml:14:9-16:47
23            android:name="ru.rsue.borisov.thecloudmultiplatform.androidApp.OptionsActivity"
23-->src\main\AndroidManifest.xml:15:13-44
24            android:label="@string/options" />
24-->src\main\AndroidManifest.xml:16:13-44
25        <activity
25-->src\main\AndroidManifest.xml:17:9-19:52
26            android:name="ru.rsue.borisov.thecloudmultiplatform.androidApp.RegistrationActivity"
26-->src\main\AndroidManifest.xml:18:13-49
27            android:label="@string/registration" />
27-->src\main\AndroidManifest.xml:19:13-49
28        <activity android:name="ru.rsue.borisov.thecloudmultiplatform.androidApp.LoginActivity" >
28-->src\main\AndroidManifest.xml:20:9-26:20
28-->src\main\AndroidManifest.xml:20:19-48
29            <intent-filter>
29-->src\main\AndroidManifest.xml:21:13-25:29
30                <action android:name="android.intent.action.MAIN" />
30-->src\main\AndroidManifest.xml:22:17-69
30-->src\main\AndroidManifest.xml:22:25-66
31
32                <category android:name="android.intent.category.LAUNCHER" />
32-->src\main\AndroidManifest.xml:24:17-77
32-->src\main\AndroidManifest.xml:24:27-74
33            </intent-filter>
34        </activity>
35    </application>
36
37</manifest>